0 info it worked if it ends with ok
1 verbose cli [ '/usr/bin/node',
1 verbose cli   '/usr/bin/npm',
1 verbose cli   'i',
1 verbose cli   '--save-dev',
1 verbose cli   'typescript',
1 verbose cli   '@typescript-eslint/parser@^2.10.0' ]
2 info using npm@3.5.2
3 info using node@v8.10.0
4 silly loadCurrentTree Starting
5 silly install loadCurrentTree
6 silly install readLocalPackageData
7 silly fetchPackageMetaData typescript
8 silly fetchPackageMetaData @typescript-eslint/parser@^2.10.0
9 silly fetchNamedPackageData @typescript-eslint/parser
10 silly mapToRegistry name @typescript-eslint/parser
11 silly mapToRegistry scope (from package name) @typescript-eslint
12 verbose mapToRegistry no registry URL found in name for scope @typescript-eslint
13 silly mapToRegistry using default registry
14 silly mapToRegistry registry https://registry.npmjs.org/
15 silly mapToRegistry uri https://registry.npmjs.org/@typescript-eslint%2fparser
16 silly fetchNamedPackageData typescript
17 silly mapToRegistry name typescript
18 silly mapToRegistry using default registry
19 silly mapToRegistry registry https://registry.npmjs.org/
20 silly mapToRegistry uri https://registry.npmjs.org/typescript
21 verbose request uri https://registry.npmjs.org/@typescript-eslint%2fparser
22 verbose request no auth needed
23 info attempt registry request try #1 at 4:51:32 PM
24 verbose request id 1958d187e734a8fe
25 http request GET https://registry.npmjs.org/@typescript-eslint%2fparser
26 verbose request uri https://registry.npmjs.org/typescript
27 verbose request no auth needed
28 info attempt registry request try #1 at 4:51:32 PM
29 http request GET https://registry.npmjs.org/typescript
30 http 200 https://registry.npmjs.org/typescript
31 verbose headers { date: 'Thu, 06 Aug 2020 11:21:33 GMT',
31 verbose headers   'content-type': 'application/json',
31 verbose headers   'transfer-encoding': 'chunked',
31 verbose headers   connection: 'keep-alive',
31 verbose headers   'set-cookie':
31 verbose headers    [ '__cfduid=d74e2a34d10f77802f20fd2006269f8671596712893; expires=Sat, 05-Sep-20 11:21:33 GMT; path=/; domain=.npmjs.org; HttpOnly; SameSite=Lax' ],
31 verbose headers   'cf-ray': '5be85ffe3dcfde9a-BLR',
31 verbose headers   age: '6582',
31 verbose headers   'cache-control': 'public, max-age=300',
31 verbose headers   etag: 'W/"cb361d569c65a0229a20ece1a0602b0f"',
31 verbose headers   'last-modified': 'Thu, 06 Aug 2020 07:15:09 GMT',
31 verbose headers   vary: 'accept-encoding, accept',
31 verbose headers   'cf-cache-status': 'HIT',
31 verbose headers   'cf-request-id': '04651a52e40000de9a2117d200000001',
31 verbose headers   'expect-ct': 'max-age=604800, report-uri="https://report-uri.cloudflare.com/cdn-cgi/beacon/expect-ct"',
31 verbose headers   server: 'cloudflare',
31 verbose headers   'content-encoding': 'gzip' }
32 silly get cb [ 200,
32 silly get   { date: 'Thu, 06 Aug 2020 11:21:33 GMT',
32 silly get     'content-type': 'application/json',
32 silly get     'transfer-encoding': 'chunked',
32 silly get     connection: 'keep-alive',
32 silly get     'set-cookie':
32 silly get      [ '__cfduid=d74e2a34d10f77802f20fd2006269f8671596712893; expires=Sat, 05-Sep-20 11:21:33 GMT; path=/; domain=.npmjs.org; HttpOnly; SameSite=Lax' ],
32 silly get     'cf-ray': '5be85ffe3dcfde9a-BLR',
32 silly get     age: '6582',
32 silly get     'cache-control': 'public, max-age=300',
32 silly get     etag: 'W/"cb361d569c65a0229a20ece1a0602b0f"',
32 silly get     'last-modified': 'Thu, 06 Aug 2020 07:15:09 GMT',
32 silly get     vary: 'accept-encoding, accept',
32 silly get     'cf-cache-status': 'HIT',
32 silly get     'cf-request-id': '04651a52e40000de9a2117d200000001',
32 silly get     'expect-ct': 'max-age=604800, report-uri="https://report-uri.cloudflare.com/cdn-cgi/beacon/expect-ct"',
32 silly get     server: 'cloudflare',
32 silly get     'content-encoding': 'gzip' } ]
33 verbose get saving typescript to /home/vamsi/.npm/registry.npmjs.org/typescript/.cache.json
34 http 503 https://registry.npmjs.org/@typescript-eslint%2fparser
35 verbose headers { date: 'Thu, 06 Aug 2020 11:21:46 GMT',
35 verbose headers   'content-type': 'application/json',
35 verbose headers   'content-length': '31',
35 verbose headers   connection: 'keep-alive',
35 verbose headers   'set-cookie':
35 verbose headers    [ '__cfduid=dc109cc5520f1de4f9893bf8b734399fc1596712893; expires=Sat, 05-Sep-20 11:21:33 GMT; path=/; domain=.npmjs.org; HttpOnly; SameSite=Lax' ],
35 verbose headers   'cf-request-id': '04651a52e10000de92f50e4200000001',
35 verbose headers   'expect-ct': 'max-age=604800, report-uri="https://report-uri.cloudflare.com/cdn-cgi/beacon/expect-ct"',
35 verbose headers   vary: 'Accept-Encoding',
35 verbose headers   server: 'cloudflare',
35 verbose headers   'cf-ray': '5be85ffe3870de92-BLR' }
36 info retry will retry, error on last attempt: Error: Service Unavailable : @typescript-eslint/parser
37 info attempt registry request try #2 at 4:51:55 PM
38 http request GET https://registry.npmjs.org/@typescript-eslint%2fparser
39 http 503 https://registry.npmjs.org/@typescript-eslint%2fparser
40 verbose headers { date: 'Thu, 06 Aug 2020 11:22:09 GMT',
40 verbose headers   'content-type': 'application/json',
40 verbose headers   'content-length': '31',
40 verbose headers   connection: 'keep-alive',
40 verbose headers   'set-cookie':
40 verbose headers    [ '__cfduid=d34e5a80867cd9cce08ba50cffe119e261596712916; expires=Sat, 05-Sep-20 11:21:56 GMT; path=/; domain=.npmjs.org; HttpOnly; SameSite=Lax' ],
40 verbose headers   'cf-request-id': '04651aad2b0000de9a213a9200000001',
40 verbose headers   'expect-ct': 'max-age=604800, report-uri="https://report-uri.cloudflare.com/cdn-cgi/beacon/expect-ct"',
40 verbose headers   vary: 'Accept-Encoding',
40 verbose headers   server: 'cloudflare',
40 verbose headers   'cf-ray': '5be8608eae67de9a-BLR' }
41 info retry will retry, error on last attempt: Error: Service Unavailable : @typescript-eslint/parser
42 info attempt registry request try #3 at 4:53:09 PM
43 http request GET https://registry.npmjs.org/@typescript-eslint%2fparser
44 http 200 https://registry.npmjs.org/@typescript-eslint%2fparser
45 verbose headers { date: 'Thu, 06 Aug 2020 11:23:10 GMT',
45 verbose headers   'content-type': 'application/octet-stream',
45 verbose headers   'content-length': '8120486',
45 verbose headers   connection: 'keep-alive',
45 verbose headers   'set-cookie':
45 verbose headers    [ '__cfduid=dc42126d26020f90cc476f3d3accc20861596712989; expires=Sat, 05-Sep-20 11:23:09 GMT; path=/; domain=.npmjs.org; HttpOnly; SameSite=Lax' ],
45 verbose headers   'cf-ray': '5be862595e64deb2-BLR',
45 verbose headers   etag: '"cd1bf6e51e3e52e10d00b460c9a3da9f"',
45 verbose headers   'cf-cache-status': 'DYNAMIC',
45 verbose headers   'cf-request-id': '04651bcbda0000deb246902200000001',
45 verbose headers   'expect-ct': 'max-age=604800, report-uri="https://report-uri.cloudflare.com/cdn-cgi/beacon/expect-ct"',
45 verbose headers   vary: 'Accept-Encoding',
45 verbose headers   server: 'cloudflare' }
46 silly get cb [ 200,
46 silly get   { date: 'Thu, 06 Aug 2020 11:23:10 GMT',
46 silly get     'content-type': 'application/octet-stream',
46 silly get     'content-length': '8120486',
46 silly get     connection: 'keep-alive',
46 silly get     'set-cookie':
46 silly get      [ '__cfduid=dc42126d26020f90cc476f3d3accc20861596712989; expires=Sat, 05-Sep-20 11:23:09 GMT; path=/; domain=.npmjs.org; HttpOnly; SameSite=Lax' ],
46 silly get     'cf-ray': '5be862595e64deb2-BLR',
46 silly get     etag: '"cd1bf6e51e3e52e10d00b460c9a3da9f"',
46 silly get     'cf-cache-status': 'DYNAMIC',
46 silly get     'cf-request-id': '04651bcbda0000deb246902200000001',
46 silly get     'expect-ct': 'max-age=604800, report-uri="https://report-uri.cloudflare.com/cdn-cgi/beacon/expect-ct"',
46 silly get     vary: 'Accept-Encoding',
46 silly get     server: 'cloudflare' } ]
47 verbose get saving @typescript-eslint/parser to /home/vamsi/.npm/registry.npmjs.org/_40typescript-eslint_252fparser/.cache.json
48 silly install normalizeTree
49 silly loadCurrentTree Finishing
50 silly loadIdealTree Starting
51 silly install loadIdealTree
52 silly cloneCurrentTree Starting
53 silly install cloneCurrentTreeToIdealTree
54 silly cloneCurrentTree Finishing
55 silly loadShrinkwrap Starting
56 silly install loadShrinkwrap
57 silly loadShrinkwrap Finishing
58 silly loadAllDepsIntoIdealTree Starting
59 silly install loadAllDepsIntoIdealTree
60 silly resolveWithNewModule typescript@3.9.7 checking installable status
61 silly cache add args [ 'typescript', null ]
62 verbose cache add spec typescript
63 silly resolveWithNewModule @typescript-eslint/parser@2.34.0 checking installable status
64 silly cache add args [ '@typescript-eslint/parser@^2.10.0', null ]
65 verbose cache add spec @typescript-eslint/parser@^2.10.0
66 silly cache add parsed spec Result {
66 silly cache add   raw: '@typescript-eslint/parser@^2.10.0',
66 silly cache add   scope: '@typescript-eslint',
66 silly cache add   name: '@typescript-eslint/parser',
66 silly cache add   rawSpec: '^2.10.0',
66 silly cache add   spec: '>=2.10.0 <3.0.0',
66 silly cache add   type: 'range' }
67 silly addNamed @typescript-eslint/parser@>=2.10.0 <3.0.0
68 verbose addNamed ">=2.10.0 <3.0.0" is a valid semver range for @typescript-eslint/parser
69 silly addNameRange { name: '@typescript-eslint/parser',
69 silly addNameRange   range: '>=2.10.0 <3.0.0',
69 silly addNameRange   hasData: false }
70 silly mapToRegistry name @typescript-eslint/parser
71 silly mapToRegistry scope (from package name) @typescript-eslint
72 verbose mapToRegistry no registry URL found in name for scope @typescript-eslint
73 silly mapToRegistry using default registry
74 silly mapToRegistry registry https://registry.npmjs.org/
75 silly mapToRegistry uri https://registry.npmjs.org/@typescript-eslint%2fparser
76 verbose addNameRange registry:https://registry.npmjs.org/@typescript-eslint%2fparser not in flight; fetching
77 silly cache add parsed spec Result {
77 silly cache add   raw: 'typescript',
77 silly cache add   scope: null,
77 silly cache add   name: 'typescript',
77 silly cache add   rawSpec: '',
77 silly cache add   spec: 'latest',
77 silly cache add   type: 'tag' }
78 silly addNamed typescript@latest
79 verbose addNamed "latest" is being treated as a dist-tag for typescript
80 info addNameTag [ 'typescript', 'latest' ]
81 silly mapToRegistry name typescript
82 silly mapToRegistry using default registry
83 silly mapToRegistry registry https://registry.npmjs.org/
84 silly mapToRegistry uri https://registry.npmjs.org/typescript
85 verbose addNameTag registry:https://registry.npmjs.org/typescript not in flight; fetching
86 verbose get https://registry.npmjs.org/@typescript-eslint%2fparser not expired, no request
87 silly addNameRange number 2 { name: '@typescript-eslint/parser',
87 silly addNameRange   range: '>=2.10.0 <3.0.0',
87 silly addNameRange   hasData: true }
88 silly addNameRange versions [ '@typescript-eslint/parser',
88 silly addNameRange   [ '0.0.1-alpha.0',
88 silly addNameRange     '0.0.1-alpha.1',
88 silly addNameRange     '0.1.0',
88 silly addNameRange     '0.1.1-alpha.0',
88 silly addNameRange     '0.1.1-alpha.4',
88 silly addNameRange     '0.2.0',
88 silly addNameRange     '0.2.1-alpha.1',
88 silly addNameRange     '0.2.1-alpha.2',
88 silly addNameRange     '0.2.1',
88 silly addNameRange     '0.2.2-alpha.0',
88 silly addNameRange     '1.0.0',
88 silly addNameRange     '1.0.1-alpha.6',
88 silly addNameRange     '1.0.1-alpha.8',
88 silly addNameRange     '1.0.1-alpha.9',
88 silly addNameRange     '1.0.1-alpha.10',
88 silly addNameRange     '1.0.1-alpha.11',
88 silly addNameRange     '1.0.1-alpha.12',
88 silly addNameRange     '1.0.1-alpha.13',
88 silly addNameRange     '1.0.1-alpha.14',
88 silly addNameRange     '1.1.0',
88 silly addNameRange     '1.1.1-alpha.0',
88 silly addNameRange     '1.1.1-alpha.1',
88 silly addNameRange     '1.1.1-alpha.2',
88 silly addNameRange     '1.1.1-alpha.4',
88 silly addNameRange     '1.1.1-alpha.5',
88 silly addNameRange     '1.1.1-alpha.6',
88 silly addNameRange     '1.1.1-alpha.7',
88 silly addNameRange     '1.1.1-alpha.8',
88 silly addNameRange     '1.1.1-alpha.9',
88 silly addNameRange     '1.1.1-alpha.10',
88 silly addNameRange     '1.1.1-alpha.11',
88 silly addNameRange     '1.1.1',
88 silly addNameRange     '1.1.2-alpha.0',
88 silly addNameRange     '1.1.2-alpha.1',
88 silly addNameRange     '1.1.2-alpha.2',
88 silly addNameRange     '1.1.2-alpha.3',
88 silly addNameRange     '1.1.2-alpha.4',
88 silly addNameRange     '1.1.2-alpha.5',
88 silly addNameRange     '1.1.2-alpha.6',
88 silly addNameRange     '1.1.2-alpha.7',
88 silly addNameRange     '1.1.2-alpha.8',
88 silly addNameRange     '1.1.2-alpha.9',
88 silly addNameRange     '1.2.0',
88 silly addNameRange     '1.1.2-alpha.10',
88 silly addNameRange     '1.2.1-alpha.0',
88 silly addNameRange     '1.2.1-alpha.1',
88 silly addNameRange     '1.2.1-alpha.2',
88 silly addNameRange     '1.2.1-alpha.3',
88 silly addNameRange     '1.2.1-alpha.4',
88 silly addNameRange     '1.2.1-alpha.5',
88 silly addNameRange     '1.2.1-alpha.6',
88 silly addNameRange     '1.2.1-alpha.7',
88 silly addNameRange     '1.2.1-alpha.8',
88 silly addNameRange     '1.2.1-alpha.9',
88 silly addNameRange     '1.2.1-alpha.10',
88 silly addNameRange     '1.2.1-alpha.11',
88 silly addNameRange     '1.2.1-alpha.12',
88 silly addNameRange     '1.2.1-alpha.13',
88 silly addNameRange     '1.2.1-alpha.14',
88 silly addNameRange     '1.2.1-alpha.15',
88 silly addNameRange     '1.2.1-alpha.16',
88 silly addNameRange     '1.2.1-alpha.18',
88 silly addNameRange     '1.2.1-alpha.19',
88 silly addNameRange     '1.2.1-alpha.20',
88 silly addNameRange     '1.2.1-alpha.21',
88 silly addNameRange     '1.2.1-alpha.22',
88 silly addNameRange     '1.2.1-alpha.23',
88 silly addNameRange     '1.3.0',
88 silly addNameRange     '1.2.1-alpha.24',
88 silly addNameRange     '1.3.1-alpha.0',
88 silly addNameRange     '1.3.1-alpha.1',
88 silly addNameRange     '1.3.1-alpha.2',
88 silly addNameRange     '1.3.1-alpha.3',
88 silly addNameRange     '1.3.1-alpha.5',
88 silly addNameRange     '1.3.1-alpha.6',
88 silly addNameRange     '1.3.1-alpha.7',
88 silly addNameRange     '1.3.1-alpha.8',
88 silly addNameRange     '1.3.1-alpha.9',
88 silly addNameRange     '1.3.1-alpha.10',
88 silly addNameRange     '1.3.1-alpha.11',
88 silly addNameRange     '1.3.1-alpha.12',
88 silly addNameRange     '1.3.1-alpha.13',
88 silly addNameRange     '1.3.1-alpha.14',
88 silly addNameRange     '1.3.1-alpha.15',
88 silly addNameRange     '1.3.1-alpha.16',
88 silly addNameRange     '1.3.1-alpha.17',
88 silly addNameRange     '1.3.1-alpha.18',
88 silly addNameRange     '1.3.1-alpha.19',
88 silly addNameRange     '1.3.1-alpha.20',
88 silly addNameRange     '1.3.1-alpha.21',
88 silly addNameRange     '1.3.1-alpha.22',
88 silly addNameRange     '1.3.1-alpha.23',
88 silly addNameRange     '1.3.1-alpha.24',
88 silly addNameRange     '1.3.1-alpha.25',
88 silly addNameRange     '1.3.1-alpha.26',
88 silly addNameRange     '1.4.0',
88 silly addNameRange     '1.4.1-alpha.0',
88 silly addNameRange     '1.4.1-alpha.1',
88 silly addNameRange     '1.4.1-alpha.2',
88 silly addNameRange     '1.4.1-alpha.3',
88 silly addNameRange     ... 725 more items ] ]
89 silly addNamed @typescript-eslint/parser@2.34.0
90 verbose addNamed "2.34.0" is a plain semver version for @typescript-eslint/parser
91 silly mapToRegistry name @typescript-eslint/parser
92 silly mapToRegistry scope (from package name) @typescript-eslint
93 verbose mapToRegistry no registry URL found in name for scope @typescript-eslint
94 silly mapToRegistry using default registry
95 silly mapToRegistry registry https://registry.npmjs.org/
96 silly mapToRegistry uri https://registry.npmjs.org/@typescript-eslint%2fparser
97 verbose addRemoteTarball https://registry.npmjs.org/@typescript-eslint/parser/-/parser-2.34.0.tgz not in flight; adding
98 verbose addRemoteTarball [ 'https://registry.npmjs.org/@typescript-eslint/parser/-/parser-2.34.0.tgz',
98 verbose addRemoteTarball   '50252630ca319685420e9a39ca05fe185a256bc8' ]
99 verbose request uri https://registry.npmjs.org/typescript
100 verbose request no auth needed
101 info attempt registry request try #1 at 4:53:26 PM
102 verbose etag W/"cb361d569c65a0229a20ece1a0602b0f"
103 verbose lastModified Thu, 06 Aug 2020 07:15:09 GMT
104 http request GET https://registry.npmjs.org/typescript
105 info retry fetch attempt 1 at 4:53:26 PM
106 info attempt registry request try #1 at 4:53:26 PM
107 http fetch GET https://registry.npmjs.org/@typescript-eslint/parser/-/parser-2.34.0.tgz
108 http 304 https://registry.npmjs.org/typescript
109 verbose headers { date: 'Thu, 06 Aug 2020 11:23:27 GMT',
109 verbose headers   connection: 'keep-alive',
109 verbose headers   'set-cookie':
109 verbose headers    [ '__cfduid=db98129e253350e68abe0d5c778e886d31596713007; expires=Sat, 05-Sep-20 11:23:27 GMT; path=/; domain=.npmjs.org; HttpOnly; SameSite=Lax' ],
109 verbose headers   'cf-ray': '5be862c7de2fdeb2-BLR',
109 verbose headers   age: '6696',
109 verbose headers   'cache-control': 'public, max-age=300',
109 verbose headers   etag: '"cb361d569c65a0229a20ece1a0602b0f"',
109 verbose headers   'last-modified': 'Thu, 06 Aug 2020 07:15:09 GMT',
109 verbose headers   vary: 'Accept-Encoding',
109 verbose headers   'cf-cache-status': 'HIT',
109 verbose headers   'cf-request-id': '04651c10e60000deb246ae1200000001',
109 verbose headers   'expect-ct': 'max-age=604800, report-uri="https://report-uri.cloudflare.com/cdn-cgi/beacon/expect-ct"',
109 verbose headers   server: 'cloudflare' }
110 silly get cb [ 304,
110 silly get   { date: 'Thu, 06 Aug 2020 11:23:27 GMT',
110 silly get     connection: 'keep-alive',
110 silly get     'set-cookie':
110 silly get      [ '__cfduid=db98129e253350e68abe0d5c778e886d31596713007; expires=Sat, 05-Sep-20 11:23:27 GMT; path=/; domain=.npmjs.org; HttpOnly; SameSite=Lax' ],
110 silly get     'cf-ray': '5be862c7de2fdeb2-BLR',
110 silly get     age: '6696',
110 silly get     'cache-control': 'public, max-age=300',
110 silly get     etag: '"cb361d569c65a0229a20ece1a0602b0f"',
110 silly get     'last-modified': 'Thu, 06 Aug 2020 07:15:09 GMT',
110 silly get     vary: 'Accept-Encoding',
110 silly get     'cf-cache-status': 'HIT',
110 silly get     'cf-request-id': '04651c10e60000deb246ae1200000001',
110 silly get     'expect-ct': 'max-age=604800, report-uri="https://report-uri.cloudflare.com/cdn-cgi/beacon/expect-ct"',
110 silly get     server: 'cloudflare' } ]
111 verbose etag https://registry.npmjs.org/typescript from cache
112 verbose get saving typescript to /home/vamsi/.npm/registry.npmjs.org/typescript/.cache.json
113 silly addNameTag next cb for typescript with tag latest
114 silly addNamed typescript@3.9.7
115 verbose addNamed "3.9.7" is a plain semver version for typescript
116 silly mapToRegistry name typescript
117 silly mapToRegistry using default registry
118 silly mapToRegistry registry https://registry.npmjs.org/
119 silly mapToRegistry uri https://registry.npmjs.org/typescript
120 verbose addRemoteTarball https://registry.npmjs.org/typescript/-/typescript-3.9.7.tgz not in flight; adding
121 verbose addRemoteTarball [ 'https://registry.npmjs.org/typescript/-/typescript-3.9.7.tgz',
121 verbose addRemoteTarball   '98d600a5ebdc38f40cb277522f12dc800e9e25fa' ]
122 info retry fetch attempt 1 at 4:53:27 PM
123 info attempt registry request try #1 at 4:53:27 PM
124 http fetch GET https://registry.npmjs.org/typescript/-/typescript-3.9.7.tgz
125 http fetch 200 https://registry.npmjs.org/typescript/-/typescript-3.9.7.tgz
126 http fetch 503 https://registry.npmjs.org/@typescript-eslint/parser/-/parser-2.34.0.tgz
127 info retry will retry, error on last attempt: Error: server error 503
128 silly fetchAndShaCheck shasum 98d600a5ebdc38f40cb277522f12dc800e9e25fa
129 verbose addTmpTarball /tmp/npm-26166-7a0ea171/registry.npmjs.org/typescript/-/typescript-3.9.7.tgz not in flight; adding
130 verbose addTmpTarball already have metadata; skipping unpack for typescript@3.9.7
131 silly cache afterAdd typescript@3.9.7
132 verbose afterAdd /home/vamsi/.npm/typescript/3.9.7/package/package.json not in flight; writing
133 verbose afterAdd /home/vamsi/.npm/typescript/3.9.7/package/package.json written
134 info attempt registry request try #2 at 4:53:47 PM
135 http fetch GET https://registry.npmjs.org/@typescript-eslint/parser/-/parser-2.34.0.tgz
136 http fetch 503 https://registry.npmjs.org/@typescript-eslint/parser/-/parser-2.34.0.tgz
137 info retry will retry, error on last attempt: Error: server error 503
138 info attempt registry request try #3 at 4:55:00 PM
139 http fetch GET https://registry.npmjs.org/@typescript-eslint/parser/-/parser-2.34.0.tgz
140 http fetch 200 https://registry.npmjs.org/@typescript-eslint/parser/-/parser-2.34.0.tgz
141 silly fetchAndShaCheck shasum 50252630ca319685420e9a39ca05fe185a256bc8
142 verbose addTmpTarball /tmp/npm-26166-7a0ea171/registry.npmjs.org/_40typescript-eslint/parser/-/parser-2.34.0.tgz not in flight; adding
143 verbose addTmpTarball already have metadata; skipping unpack for @typescript-eslint/parser@2.34.0
144 silly cache afterAdd @typescript-eslint/parser@2.34.0
145 verbose afterAdd /home/vamsi/.npm/@typescript-eslint/parser/2.34.0/package/package.json not in flight; writing
146 verbose afterAdd /home/vamsi/.npm/@typescript-eslint/parser/2.34.0/package/package.json written
147 silly fetchNamedPackageData @types/eslint-visitor-keys
148 silly mapToRegistry name @types/eslint-visitor-keys
149 silly mapToRegistry scope (from package name) @types
150 verbose mapToRegistry no registry URL found in name for scope @types
151 silly mapToRegistry using default registry
152 silly mapToRegistry registry https://registry.npmjs.org/
153 silly mapToRegistry uri https://registry.npmjs.org/@types%2feslint-visitor-keys
154 silly fetchNamedPackageData @typescript-eslint/experimental-utils
155 silly mapToRegistry name @typescript-eslint/experimental-utils
156 silly mapToRegistry scope (from package name) @typescript-eslint
157 verbose mapToRegistry no registry URL found in name for scope @typescript-eslint
158 silly mapToRegistry using default registry
159 silly mapToRegistry registry https://registry.npmjs.org/
160 silly mapToRegistry uri https://registry.npmjs.org/@typescript-eslint%2fexperimental-utils
161 silly fetchNamedPackageData @typescript-eslint/typescript-estree
162 silly mapToRegistry name @typescript-eslint/typescript-estree
163 silly mapToRegistry scope (from package name) @typescript-eslint
164 verbose mapToRegistry no registry URL found in name for scope @typescript-eslint
165 silly mapToRegistry using default registry
166 silly mapToRegistry registry https://registry.npmjs.org/
167 silly mapToRegistry uri https://registry.npmjs.org/@typescript-eslint%2ftypescript-estree
168 silly fetchNamedPackageData eslint-visitor-keys
169 silly mapToRegistry name eslint-visitor-keys
170 silly mapToRegistry using default registry
171 silly mapToRegistry registry https://registry.npmjs.org/
172 silly mapToRegistry uri https://registry.npmjs.org/eslint-visitor-keys
173 verbose request uri https://registry.npmjs.org/@types%2feslint-visitor-keys
174 verbose request no auth needed
175 info attempt registry request try #1 at 4:55:10 PM
176 http request GET https://registry.npmjs.org/@types%2feslint-visitor-keys
177 verbose request uri https://registry.npmjs.org/@typescript-eslint%2fexperimental-utils
178 verbose request no auth needed
179 info attempt registry request try #1 at 4:55:10 PM
180 http request GET https://registry.npmjs.org/@typescript-eslint%2fexperimental-utils
181 verbose request uri https://registry.npmjs.org/@typescript-eslint%2ftypescript-estree
182 verbose request no auth needed
183 info attempt registry request try #1 at 4:55:10 PM
184 http request GET https://registry.npmjs.org/@typescript-eslint%2ftypescript-estree
185 verbose request uri https://registry.npmjs.org/eslint-visitor-keys
186 verbose request no auth needed
187 info attempt registry request try #1 at 4:55:10 PM
188 http request GET https://registry.npmjs.org/eslint-visitor-keys
189 http 200 https://registry.npmjs.org/@types%2feslint-visitor-keys
190 verbose headers { date: 'Thu, 06 Aug 2020 11:25:10 GMT',
190 verbose headers   'content-type': 'application/json',
190 verbose headers   'transfer-encoding': 'chunked',
190 verbose headers   connection: 'keep-alive',
190 verbose headers   'set-cookie':
190 verbose headers    [ '__cfduid=dbdecaaa402b09ae69c5577c95d27aa191596713110; expires=Sat, 05-Sep-20 11:25:10 GMT; path=/; domain=.npmjs.org; HttpOnly; SameSite=Lax' ],
190 verbose headers   'cf-ray': '5be8654c08e4dea6-BLR',
190 verbose headers   age: '5827',
190 verbose headers   'cache-control': 'public, max-age=300',
190 verbose headers   etag: 'W/"7f70bc2fbbbaac6b996fd0fd8122104d"',
190 verbose headers   'last-modified': 'Wed, 29 Apr 2020 22:35:57 GMT',
190 verbose headers   vary: 'accept-encoding, accept',
190 verbose headers   'cf-cache-status': 'HIT',
190 verbose headers   'cf-request-id': '04651da3890000dea6451ea200000001',
190 verbose headers   'expect-ct': 'max-age=604800, report-uri="https://report-uri.cloudflare.com/cdn-cgi/beacon/expect-ct"',
190 verbose headers   server: 'cloudflare',
190 verbose headers   'content-encoding': 'gzip' }
191 silly get cb [ 200,
191 silly get   { date: 'Thu, 06 Aug 2020 11:25:10 GMT',
191 silly get     'content-type': 'application/json',
191 silly get     'transfer-encoding': 'chunked',
191 silly get     connection: 'keep-alive',
191 silly get     'set-cookie':
191 silly get      [ '__cfduid=dbdecaaa402b09ae69c5577c95d27aa191596713110; expires=Sat, 05-Sep-20 11:25:10 GMT; path=/; domain=.npmjs.org; HttpOnly; SameSite=Lax' ],
191 silly get     'cf-ray': '5be8654c08e4dea6-BLR',
191 silly get     age: '5827',
191 silly get     'cache-control': 'public, max-age=300',
191 silly get     etag: 'W/"7f70bc2fbbbaac6b996fd0fd8122104d"',
191 silly get     'last-modified': 'Wed, 29 Apr 2020 22:35:57 GMT',
191 silly get     vary: 'accept-encoding, accept',
191 silly get     'cf-cache-status': 'HIT',
191 silly get     'cf-request-id': '04651da3890000dea6451ea200000001',
191 silly get     'expect-ct': 'max-age=604800, report-uri="https://report-uri.cloudflare.com/cdn-cgi/beacon/expect-ct"',
191 silly get     server: 'cloudflare',
191 silly get     'content-encoding': 'gzip' } ]
192 verbose get saving @types/eslint-visitor-keys to /home/vamsi/.npm/registry.npmjs.org/_40types_252feslint-visitor-keys/.cache.json
193 silly resolveWithNewModule @types/eslint-visitor-keys@1.0.0 checking installable status
194 silly cache add args [ '@types/eslint-visitor-keys@^1.0.0', null ]
195 verbose cache add spec @types/eslint-visitor-keys@^1.0.0
196 silly cache add parsed spec Result {
196 silly cache add   raw: '@types/eslint-visitor-keys@^1.0.0',
196 silly cache add   scope: '@types',
196 silly cache add   name: '@types/eslint-visitor-keys',
196 silly cache add   rawSpec: '^1.0.0',
196 silly cache add   spec: '>=1.0.0 <2.0.0',
196 silly cache add   type: 'range' }
197 silly addNamed @types/eslint-visitor-keys@>=1.0.0 <2.0.0
198 verbose addNamed ">=1.0.0 <2.0.0" is a valid semver range for @types/eslint-visitor-keys
199 silly addNameRange { name: '@types/eslint-visitor-keys',
199 silly addNameRange   range: '>=1.0.0 <2.0.0',
199 silly addNameRange   hasData: false }
200 silly mapToRegistry name @types/eslint-visitor-keys
201 silly mapToRegistry scope (from package name) @types
202 verbose mapToRegistry no registry URL found in name for scope @types
203 silly mapToRegistry using default registry
204 silly mapToRegistry registry https://registry.npmjs.org/
205 silly mapToRegistry uri https://registry.npmjs.org/@types%2feslint-visitor-keys
206 verbose addNameRange registry:https://registry.npmjs.org/@types%2feslint-visitor-keys not in flight; fetching
207 verbose get https://registry.npmjs.org/@types%2feslint-visitor-keys not expired, no request
208 silly addNameRange number 2 { name: '@types/eslint-visitor-keys',
208 silly addNameRange   range: '>=1.0.0 <2.0.0',
208 silly addNameRange   hasData: true }
209 silly addNameRange versions [ '@types/eslint-visitor-keys', [ '1.0.0' ] ]
210 silly addNamed @types/eslint-visitor-keys@1.0.0
211 verbose addNamed "1.0.0" is a plain semver version for @types/eslint-visitor-keys
212 silly mapToRegistry name @types/eslint-visitor-keys
213 silly mapToRegistry scope (from package name) @types
214 verbose mapToRegistry no registry URL found in name for scope @types
215 silly mapToRegistry using default registry
216 silly mapToRegistry registry https://registry.npmjs.org/
217 silly mapToRegistry uri https://registry.npmjs.org/@types%2feslint-visitor-keys
218 verbose addRemoteTarball https://registry.npmjs.org/@types/eslint-visitor-keys/-/eslint-visitor-keys-1.0.0.tgz not in flight; adding
219 verbose addRemoteTarball [ 'https://registry.npmjs.org/@types/eslint-visitor-keys/-/eslint-visitor-keys-1.0.0.tgz',
219 verbose addRemoteTarball   '1ee30d79544ca84d68d4b3cdb0af4f205663dd2d' ]
220 info retry fetch attempt 1 at 4:55:10 PM
221 info attempt registry request try #1 at 4:55:10 PM
222 http fetch GET https://registry.npmjs.org/@types/eslint-visitor-keys/-/eslint-visitor-keys-1.0.0.tgz
223 http fetch 200 https://registry.npmjs.org/@types/eslint-visitor-keys/-/eslint-visitor-keys-1.0.0.tgz
224 silly fetchAndShaCheck shasum 1ee30d79544ca84d68d4b3cdb0af4f205663dd2d
225 verbose addTmpTarball /tmp/npm-26166-7a0ea171/registry.npmjs.org/_40types/eslint-visitor-keys/-/eslint-visitor-keys-1.0.0.tgz not in flight; adding
226 verbose addTmpTarball already have metadata; skipping unpack for @types/eslint-visitor-keys@1.0.0
227 silly cache afterAdd @types/eslint-visitor-keys@1.0.0
228 verbose afterAdd /home/vamsi/.npm/@types/eslint-visitor-keys/1.0.0/package/package.json not in flight; writing
229 verbose afterAdd /home/vamsi/.npm/@types/eslint-visitor-keys/1.0.0/package/package.json written
230 http 200 https://registry.npmjs.org/eslint-visitor-keys
231 verbose headers { date: 'Thu, 06 Aug 2020 11:25:10 GMT',
231 verbose headers   'content-type': 'application/json',
231 verbose headers   'transfer-encoding': 'chunked',
231 verbose headers   connection: 'keep-alive',
231 verbose headers   'set-cookie':
231 verbose headers    [ '__cfduid=d54bf7762b817043798ba1855e430d6ac1596713110; expires=Sat, 05-Sep-20 11:25:10 GMT; path=/; domain=.npmjs.org; HttpOnly; SameSite=Lax' ],
231 verbose headers   'cf-ray': '5be8654da9b5de92-BLR',
231 verbose headers   age: '3250',
231 verbose headers   'cache-control': 'public, max-age=300',
231 verbose headers   etag: 'W/"fc2fc6332704975bb5c75efdc1de717d"',
231 verbose headers   'last-modified': 'Tue, 14 Jul 2020 20:17:33 GMT',
231 verbose headers   vary: 'accept-encoding, accept',
231 verbose headers   'cf-cache-status': 'HIT',
231 verbose headers   'cf-request-id': '04651da4860000de92ea01a200000001',
231 verbose headers   'expect-ct': 'max-age=604800, report-uri="https://report-uri.cloudflare.com/cdn-cgi/beacon/expect-ct"',
231 verbose headers   server: 'cloudflare',
231 verbose headers   'content-encoding': 'gzip' }
232 silly get cb [ 200,
232 silly get   { date: 'Thu, 06 Aug 2020 11:25:10 GMT',
232 silly get     'content-type': 'application/json',
232 silly get     'transfer-encoding': 'chunked',
232 silly get     connection: 'keep-alive',
232 silly get     'set-cookie':
232 silly get      [ '__cfduid=d54bf7762b817043798ba1855e430d6ac1596713110; expires=Sat, 05-Sep-20 11:25:10 GMT; path=/; domain=.npmjs.org; HttpOnly; SameSite=Lax' ],
232 silly get     'cf-ray': '5be8654da9b5de92-BLR',
232 silly get     age: '3250',
232 silly get     'cache-control': 'public, max-age=300',
232 silly get     etag: 'W/"fc2fc6332704975bb5c75efdc1de717d"',
232 silly get     'last-modified': 'Tue, 14 Jul 2020 20:17:33 GMT',
232 silly get     vary: 'accept-encoding, accept',
232 silly get     'cf-cache-status': 'HIT',
232 silly get     'cf-request-id': '04651da4860000de92ea01a200000001',
232 silly get     'expect-ct': 'max-age=604800, report-uri="https://report-uri.cloudflare.com/cdn-cgi/beacon/expect-ct"',
232 silly get     server: 'cloudflare',
232 silly get     'content-encoding': 'gzip' } ]
233 verbose get saving eslint-visitor-keys to /home/vamsi/.npm/registry.npmjs.org/eslint-visitor-keys/.cache.json
234 http 404 https://registry.npmjs.org/@typescript-eslint%2ftypescript-estree
235 verbose headers { date: 'Thu, 06 Aug 2020 11:25:10 GMT',
235 verbose headers   'content-type': 'application/json',
235 verbose headers   'content-length': '21',
235 verbose headers   connection: 'keep-alive',
235 verbose headers   'set-cookie':
235 verbose headers    [ '__cfduid=d2bc52ccde263ee64396320a97a2a9fdd1596713110; expires=Sat, 05-Sep-20 11:25:10 GMT; path=/; domain=.npmjs.org; HttpOnly; SameSite=Lax' ],
235 verbose headers   'cf-request-id': '04651da4890000de82481ee200000001',
235 verbose headers   'expect-ct': 'max-age=604800, report-uri="https://report-uri.cloudflare.com/cdn-cgi/beacon/expect-ct"',
235 verbose headers   vary: 'Accept-Encoding',
235 verbose headers   server: 'cloudflare',
235 verbose headers   'cf-ray': '5be8654dab53de82-BLR' }
236 silly get cb [ 404,
236 silly get   { date: 'Thu, 06 Aug 2020 11:25:10 GMT',
236 silly get     'content-type': 'application/json',
236 silly get     'content-length': '21',
236 silly get     connection: 'keep-alive',
236 silly get     'set-cookie':
236 silly get      [ '__cfduid=d2bc52ccde263ee64396320a97a2a9fdd1596713110; expires=Sat, 05-Sep-20 11:25:10 GMT; path=/; domain=.npmjs.org; HttpOnly; SameSite=Lax' ],
236 silly get     'cf-request-id': '04651da4890000de82481ee200000001',
236 silly get     'expect-ct': 'max-age=604800, report-uri="https://report-uri.cloudflare.com/cdn-cgi/beacon/expect-ct"',
236 silly get     vary: 'Accept-Encoding',
236 silly get     server: 'cloudflare',
236 silly get     'cf-ray': '5be8654dab53de82-BLR' } ]
237 silly fetchPackageMetaData Error: Not found : @typescript-eslint/typescript-estree
237 silly fetchPackageMetaData     at makeError (/usr/share/npm/node_modules/npm-registry-client/lib/request.js:264:12)
237 silly fetchPackageMetaData     at CachingRegistryClient.<anonymous> (/usr/share/npm/node_modules/npm-registry-client/lib/request.js:252:14)
237 silly fetchPackageMetaData     at Request._callback (/usr/share/npm/node_modules/npm-registry-client/lib/request.js:172:14)
237 silly fetchPackageMetaData     at Request.self.callback (/usr/share/npm/node_modules/request/request.js:198:22)
237 silly fetchPackageMetaData     at emitTwo (events.js:126:13)
237 silly fetchPackageMetaData     at Request.emit (events.js:214:7)
237 silly fetchPackageMetaData     at Request.<anonymous> (/usr/share/npm/node_modules/request/request.js:1082:10)
237 silly fetchPackageMetaData     at emitOne (events.js:121:20)
237 silly fetchPackageMetaData     at Request.emit (events.js:211:7)
237 silly fetchPackageMetaData     at IncomingMessage.<anonymous> (/usr/share/npm/node_modules/request/request.js:1009:12)
237 silly fetchPackageMetaData  error for @typescript-eslint/typescript-estree@2.34.0 { Error: Not found : @typescript-eslint/typescript-estree
237 silly fetchPackageMetaData     at makeError (/usr/share/npm/node_modules/npm-registry-client/lib/request.js:264:12)
237 silly fetchPackageMetaData     at CachingRegistryClient.<anonymous> (/usr/share/npm/node_modules/npm-registry-client/lib/request.js:252:14)
237 silly fetchPackageMetaData     at Request._callback (/usr/share/npm/node_modules/npm-registry-client/lib/request.js:172:14)
237 silly fetchPackageMetaData     at Request.self.callback (/usr/share/npm/node_modules/request/request.js:198:22)
237 silly fetchPackageMetaData     at emitTwo (events.js:126:13)
237 silly fetchPackageMetaData     at Request.emit (events.js:214:7)
237 silly fetchPackageMetaData     at Request.<anonymous> (/usr/share/npm/node_modules/request/request.js:1082:10)
237 silly fetchPackageMetaData     at emitOne (events.js:121:20)
237 silly fetchPackageMetaData     at Request.emit (events.js:211:7)
237 silly fetchPackageMetaData     at IncomingMessage.<anonymous> (/usr/share/npm/node_modules/request/request.js:1009:12)
237 silly fetchPackageMetaData   pkgid: '@typescript-eslint/typescript-estree',
237 silly fetchPackageMetaData   statusCode: 404,
237 silly fetchPackageMetaData   code: 'E404' }
238 silly resolveWithNewModule eslint-visitor-keys@1.3.0 checking installable status
239 silly cache add args [ 'eslint-visitor-keys@^1.1.0', null ]
240 verbose cache add spec eslint-visitor-keys@^1.1.0
241 silly cache add parsed spec Result {
241 silly cache add   raw: 'eslint-visitor-keys@^1.1.0',
241 silly cache add   scope: null,
241 silly cache add   name: 'eslint-visitor-keys',
241 silly cache add   rawSpec: '^1.1.0',
241 silly cache add   spec: '>=1.1.0 <2.0.0',
241 silly cache add   type: 'range' }
242 silly addNamed eslint-visitor-keys@>=1.1.0 <2.0.0
243 verbose addNamed ">=1.1.0 <2.0.0" is a valid semver range for eslint-visitor-keys
244 silly addNameRange { name: 'eslint-visitor-keys',
244 silly addNameRange   range: '>=1.1.0 <2.0.0',
244 silly addNameRange   hasData: false }
245 silly mapToRegistry name eslint-visitor-keys
246 silly mapToRegistry using default registry
247 silly mapToRegistry registry https://registry.npmjs.org/
248 silly mapToRegistry uri https://registry.npmjs.org/eslint-visitor-keys
249 verbose addNameRange registry:https://registry.npmjs.org/eslint-visitor-keys not in flight; fetching
250 verbose get https://registry.npmjs.org/eslint-visitor-keys not expired, no request
251 silly addNameRange number 2 { name: 'eslint-visitor-keys',
251 silly addNameRange   range: '>=1.1.0 <2.0.0',
251 silly addNameRange   hasData: true }
252 silly addNameRange versions [ 'eslint-visitor-keys',
252 silly addNameRange   [ '0.1.0', '1.0.0', '1.1.0', '1.2.0', '1.3.0' ] ]
253 silly addNamed eslint-visitor-keys@1.3.0
254 verbose addNamed "1.3.0" is a plain semver version for eslint-visitor-keys
255 silly mapToRegistry name eslint-visitor-keys
256 silly mapToRegistry using default registry
257 silly mapToRegistry registry https://registry.npmjs.org/
258 silly mapToRegistry uri https://registry.npmjs.org/eslint-visitor-keys
259 verbose addRemoteTarball https://registry.npmjs.org/eslint-visitor-keys/-/eslint-visitor-keys-1.3.0.tgz not in flight; adding
260 verbose addRemoteTarball [ 'https://registry.npmjs.org/eslint-visitor-keys/-/eslint-visitor-keys-1.3.0.tgz',
260 verbose addRemoteTarball   '30ebd1ef7c2fdff01c3a4f151044af25fab0523e' ]
261 info retry fetch attempt 1 at 4:55:10 PM
262 info attempt registry request try #1 at 4:55:10 PM
263 http fetch GET https://registry.npmjs.org/eslint-visitor-keys/-/eslint-visitor-keys-1.3.0.tgz
264 http fetch 200 https://registry.npmjs.org/eslint-visitor-keys/-/eslint-visitor-keys-1.3.0.tgz
265 silly fetchAndShaCheck shasum 30ebd1ef7c2fdff01c3a4f151044af25fab0523e
266 verbose addTmpTarball /tmp/npm-26166-7a0ea171/registry.npmjs.org/eslint-visitor-keys/-/eslint-visitor-keys-1.3.0.tgz not in flight; adding
267 verbose addTmpTarball already have metadata; skipping unpack for eslint-visitor-keys@1.3.0
268 silly cache afterAdd eslint-visitor-keys@1.3.0
269 verbose afterAdd /home/vamsi/.npm/eslint-visitor-keys/1.3.0/package/package.json not in flight; writing
270 verbose afterAdd /home/vamsi/.npm/eslint-visitor-keys/1.3.0/package/package.json written
271 http 200 https://registry.npmjs.org/@typescript-eslint%2fexperimental-utils
272 verbose headers { date: 'Thu, 06 Aug 2020 11:25:11 GMT',
272 verbose headers   'content-type': 'application/json',
272 verbose headers   'transfer-encoding': 'chunked',
272 verbose headers   connection: 'keep-alive',
272 verbose headers   'set-cookie':
272 verbose headers    [ '__cfduid=d84a47ca925097d445c48c475cbb989e61596713110; expires=Sat, 05-Sep-20 11:25:10 GMT; path=/; domain=.npmjs.org; HttpOnly; SameSite=Lax' ],
272 verbose headers   'cf-ray': '5be8654c2f5edeb2-BLR',
272 verbose headers   age: '92',
272 verbose headers   'cache-control': 'public, max-age=300',
272 verbose headers   etag: 'W/"66738cfd582ad2c8585980751b558b8f"',
272 verbose headers   'last-modified': 'Mon, 03 Aug 2020 17:50:14 GMT',
272 verbose headers   vary: 'accept-encoding, accept',
272 verbose headers   'cf-cache-status': 'HIT',
272 verbose headers   'cf-request-id': '04651da3940000deb246a51200000001',
272 verbose headers   'expect-ct': 'max-age=604800, report-uri="https://report-uri.cloudflare.com/cdn-cgi/beacon/expect-ct"',
272 verbose headers   server: 'cloudflare',
272 verbose headers   'content-encoding': 'gzip' }
273 silly get cb [ 200,
273 silly get   { date: 'Thu, 06 Aug 2020 11:25:11 GMT',
273 silly get     'content-type': 'application/json',
273 silly get     'transfer-encoding': 'chunked',
273 silly get     connection: 'keep-alive',
273 silly get     'set-cookie':
273 silly get      [ '__cfduid=d84a47ca925097d445c48c475cbb989e61596713110; expires=Sat, 05-Sep-20 11:25:10 GMT; path=/; domain=.npmjs.org; HttpOnly; SameSite=Lax' ],
273 silly get     'cf-ray': '5be8654c2f5edeb2-BLR',
273 silly get     age: '92',
273 silly get     'cache-control': 'public, max-age=300',
273 silly get     etag: 'W/"66738cfd582ad2c8585980751b558b8f"',
273 silly get     'last-modified': 'Mon, 03 Aug 2020 17:50:14 GMT',
273 silly get     vary: 'accept-encoding, accept',
273 silly get     'cf-cache-status': 'HIT',
273 silly get     'cf-request-id': '04651da3940000deb246a51200000001',
273 silly get     'expect-ct': 'max-age=604800, report-uri="https://report-uri.cloudflare.com/cdn-cgi/beacon/expect-ct"',
273 silly get     server: 'cloudflare',
273 silly get     'content-encoding': 'gzip' } ]
274 verbose get saving @typescript-eslint/experimental-utils to /home/vamsi/.npm/registry.npmjs.org/_40typescript-eslint_252fexperimental-utils/.cache.json
275 silly resolveWithNewModule @typescript-eslint/experimental-utils@2.34.0 checking installable status
276 silly cache add args [ '@typescript-eslint/experimental-utils@2.34.0', null ]
277 verbose cache add spec @typescript-eslint/experimental-utils@2.34.0
278 silly cache add parsed spec Result {
278 silly cache add   raw: '@typescript-eslint/experimental-utils@2.34.0',
278 silly cache add   scope: '@typescript-eslint',
278 silly cache add   name: '@typescript-eslint/experimental-utils',
278 silly cache add   rawSpec: '2.34.0',
278 silly cache add   spec: '2.34.0',
278 silly cache add   type: 'version' }
279 silly addNamed @typescript-eslint/experimental-utils@2.34.0
280 verbose addNamed "2.34.0" is a plain semver version for @typescript-eslint/experimental-utils
281 silly mapToRegistry name @typescript-eslint/experimental-utils
282 silly mapToRegistry scope (from package name) @typescript-eslint
283 verbose mapToRegistry no registry URL found in name for scope @typescript-eslint
284 silly mapToRegistry using default registry
285 silly mapToRegistry registry https://registry.npmjs.org/
286 silly mapToRegistry uri https://registry.npmjs.org/@typescript-eslint%2fexperimental-utils
287 verbose addNameVersion registry:https://registry.npmjs.org/@typescript-eslint%2fexperimental-utils not in flight; fetching
288 verbose get https://registry.npmjs.org/@typescript-eslint%2fexperimental-utils not expired, no request
289 silly mapToRegistry name @typescript-eslint/experimental-utils
290 silly mapToRegistry scope (from package name) @typescript-eslint
291 verbose mapToRegistry no registry URL found in name for scope @typescript-eslint
292 silly mapToRegistry using default registry
293 silly mapToRegistry registry https://registry.npmjs.org/
294 silly mapToRegistry uri https://registry.npmjs.org/@typescript-eslint%2fexperimental-utils
295 verbose addRemoteTarball https://registry.npmjs.org/@typescript-eslint/experimental-utils/-/experimental-utils-2.34.0.tgz not in flight; adding
296 verbose addRemoteTarball [ 'https://registry.npmjs.org/@typescript-eslint/experimental-utils/-/experimental-utils-2.34.0.tgz',
296 verbose addRemoteTarball   'd3524b644cdb40eebceca67f8cf3e4cc9c8f980f' ]
297 info retry fetch attempt 1 at 4:55:12 PM
298 info attempt registry request try #1 at 4:55:12 PM
299 http fetch GET https://registry.npmjs.org/@typescript-eslint/experimental-utils/-/experimental-utils-2.34.0.tgz
300 http fetch 200 https://registry.npmjs.org/@typescript-eslint/experimental-utils/-/experimental-utils-2.34.0.tgz
301 silly fetchAndShaCheck shasum d3524b644cdb40eebceca67f8cf3e4cc9c8f980f
302 verbose addTmpTarball /tmp/npm-26166-7a0ea171/registry.npmjs.org/_40typescript-eslint/experimental-utils/-/experimental-utils-2.34.0.tgz not in flight; adding
303 verbose addTmpTarball already have metadata; skipping unpack for @typescript-eslint/experimental-utils@2.34.0
304 silly cache afterAdd @typescript-eslint/experimental-utils@2.34.0
305 verbose afterAdd /home/vamsi/.npm/@typescript-eslint/experimental-utils/2.34.0/package/package.json not in flight; writing
306 verbose afterAdd /home/vamsi/.npm/@typescript-eslint/experimental-utils/2.34.0/package/package.json written
307 silly rollbackFailedOptional Starting
308 silly rollbackFailedOptional Finishing
309 silly runTopLevelLifecycles Starting
310 silly runTopLevelLifecycles Finishing
311 silly install printInstalled
312 verbose stack Error: Not found : @typescript-eslint/typescript-estree
312 verbose stack     at makeError (/usr/share/npm/node_modules/npm-registry-client/lib/request.js:264:12)
312 verbose stack     at CachingRegistryClient.<anonymous> (/usr/share/npm/node_modules/npm-registry-client/lib/request.js:252:14)
312 verbose stack     at Request._callback (/usr/share/npm/node_modules/npm-registry-client/lib/request.js:172:14)
312 verbose stack     at Request.self.callback (/usr/share/npm/node_modules/request/request.js:198:22)
312 verbose stack     at emitTwo (events.js:126:13)
312 verbose stack     at Request.emit (events.js:214:7)
312 verbose stack     at Request.<anonymous> (/usr/share/npm/node_modules/request/request.js:1082:10)
312 verbose stack     at emitOne (events.js:121:20)
312 verbose stack     at Request.emit (events.js:211:7)
312 verbose stack     at IncomingMessage.<anonymous> (/usr/share/npm/node_modules/request/request.js:1009:12)
313 verbose statusCode 404
314 verbose pkgid @typescript-eslint/typescript-estree
315 verbose cwd /home/vamsi/Github/Learning-React
316 error Linux 5.4.0-40-generic
317 error argv "/usr/bin/node" "/usr/bin/npm" "i" "--save-dev" "typescript" "@typescript-eslint/parser@^2.10.0"
318 error node v8.10.0
319 error npm  v3.5.2
320 error code E404
321 error 404 Not found : @typescript-eslint/typescript-estree
322 error 404
323 error 404 '@typescript-eslint/typescript-estree' is not in the npm registry.
324 error 404 You should bug the author to publish it (or use the name yourself!)
325 error 404 It was specified as a dependency of '@typescript-eslint/parser'
326 error 404 Note that you can also install from a
327 error 404 tarball, folder, http url, or git url.
328 verbose exit [ 1, true ]
